0 info it worked if it ends with ok
1 verbose cli [ '/usr/local/bin/node',
1 verbose cli   '/Users/maxwellbates/.npm-packages/bin/npm',
1 verbose cli   'run',
1 verbose cli   'start' ]
2 info using npm@3.7.1
3 info using node@v4.4.2
4 verbose run-script [ 'prestart', 'start', 'poststart' ]
5 info lifecycle viriondb@1.0.0~prestart: viriondb@1.0.0
6 silly lifecycle viriondb@1.0.0~prestart: no script for prestart, continuing
7 info lifecycle viriondb@1.0.0~start: viriondb@1.0.0
8 verbose lifecycle viriondb@1.0.0~start: unsafe-perm in lifecycle true
9 verbose lifecycle viriondb@1.0.0~start: PATH: /Users/maxwellbates/.npm-packages/lib/node_modules/npm/bin/node-gyp-bin:/Users/maxwellbates/Autodesk/viriondb/node_modules/.bin:/usr/local/bin:/Users/maxwellbates/.npm-packages/bin:/usr/local/heroku/bin:/Users/maxwellbates/local/bin:/Users/maxwellbates/.rvm/gems/ruby-2.0.0-p451/bin:/Users/maxwellbates/.rvm/gems/ruby-2.0.0-p451@global/bin:/Users/maxwellbates/.rvm/rubies/ruby-2.0.0-p451/bin:/usr/local/apache-maven-3.1.1/bin:/sw/bin:/sw/sbin:/Users/maxwellbates/local/bin:/usr/bin:/bin:/usr/sbin:/sbin:/usr/local/bin:/Users/maxwellbates/.npm-packages/bin:/opt/X11/bin:/usr/X11R6/bin:/Users/maxwellbates/.rvm/bin:/Users/maxwellbates/.rvm/bin
10 verbose lifecycle viriondb@1.0.0~start: CWD: /Users/maxwellbates/Autodesk/viriondb
11 silly lifecycle viriondb@1.0.0~start: Args: [ '-c', 'babel-node tools/run start' ]
12 silly lifecycle viriondb@1.0.0~start: Returned: code: 1  signal: null
13 info lifecycle viriondb@1.0.0~start: Failed to exec start script
14 verbose stack Error: viriondb@1.0.0 start: `babel-node tools/run start`
14 verbose stack Exit status 1
14 verbose stack     at EventEmitter.<anonymous> (/Users/maxwellbates/.npm-packages/lib/node_modules/npm/lib/utils/lifecycle.js:239:16)
14 verbose stack     at emitTwo (events.js:87:13)
14 verbose stack     at EventEmitter.emit (events.js:172:7)
14 verbose stack     at ChildProcess.<anonymous> (/Users/maxwellbates/.npm-packages/lib/node_modules/npm/lib/utils/spawn.js:24:14)
14 verbose stack     at emitTwo (events.js:87:13)
14 verbose stack     at ChildProcess.emit (events.js:172:7)
14 verbose stack     at maybeClose (internal/child_process.js:827:16)
14 verbose stack     at Process.ChildProcess._handle.onexit (internal/child_process.js:211:5)
15 verbose pkgid viriondb@1.0.0
16 verbose cwd /Users/maxwellbates/Autodesk/viriondb
17 error Darwin 15.5.0
18 error argv "/usr/local/bin/node" "/Users/maxwellbates/.npm-packages/bin/npm" "run" "start"
19 error node v4.4.2
20 error npm  v3.7.1
21 error code ELIFECYCLE
22 error viriondb@1.0.0 start: `babel-node tools/run start`
22 error Exit status 1
23 error Failed at the viriondb@1.0.0 start script 'babel-node tools/run start'.
23 error Make sure you have the latest version of node.js and npm installed.
23 error If you do, this is most likely a problem with the viriondb package,
23 error not with npm itself.
23 error Tell the author that this fails on your system:
23 error     babel-node tools/run start
23 error You can get information on how to open an issue for this project with:
23 error     npm bugs viriondb
23 error Or if that isn't available, you can get their info via:
23 error     npm owner ls viriondb
23 error There is likely additional logging output above.
24 verbose exit [ 1, true ]
